<?xml version="1.0" encoding="UTF-8"?>
<!-- Generated by org.testng.reporters.JUnitXMLReporter -->
<testsuite hostname="Admins-MacBook-Pro-2.local" ignored="0" name="Test" tests="11" failures="0" timestamp="15 Mar 2018 17:18:04 GMT" time="55.569" errors="0">
  <testcase name="executeTestCase" time="11.71" classname="com.test.automation.testStartup.TestLauncher"/>
  <testcase name="executeTestCase" time="5.388" classname="com.test.automation.testStartup.TestLauncher"/>
  <testcase name="executeTestCase" time="4.259" classname="com.test.automation.testStartup.TestLauncher"/>
  <testcase name="executeTestCase" time="6.334" classname="com.test.automation.testStartup.TestLauncher"/>
  <testcase name="executeTestCase" time="4.189" classname="com.test.automation.testStartup.TestLauncher"/>
  <testcase name="executeTestCase" time="2.136" classname="com.test.automation.testStartup.TestLauncher"/>
  <testcase name="executeTestCase" time="7.458" classname="com.test.automation.testStartup.TestLauncher"/>
  <testcase name="executeTestCase" time="2.111" classname="com.test.automation.testStartup.TestLauncher"/>
  <testcase name="executeTestCase" time="4.579" classname="com.test.automation.testStartup.TestLauncher"/>
  <testcase name="executeTestCase" time="2.122" classname="com.test.automation.testStartup.TestLauncher"/>
  <testcase name="executeTestCase" time="5.24" classname="com.test.automation.testStartup.TestLauncher"/>
</testsuite> <!-- Test -->
