<?xml version="1.0" encoding="UTF-8"?>
<!-- Generated by org.testng.reporters.JUnitXMLReporter -->
<testsuite hostname="Admins-MacBook-Pro.local" ignored="0" name="Test" tests="8" failures="0" timestamp="17 Feb 2018 10:56:00 GMT" time="36.481" errors="0">
  <testcase name="executeTestCase" time="12.452" classname="com.test.automation.testStartup.TestLauncher"/>
  <testcase name="executeTestCase" time="13.515" classname="com.test.automation.testStartup.TestLauncher"/>
  <testcase name="executeTestCase" time="10.072" classname="com.test.automation.testStartup.TestLauncher"/>
  <testcase name="executeTestCase" time="0.076" classname="com.test.automation.testStartup.TestLauncher"/>
  <testcase name="executeTestCase" time="0.085" classname="com.test.automation.testStartup.TestLauncher"/>
  <testcase name="executeTestCase" time="0.079" classname="com.test.automation.testStartup.TestLauncher"/>
  <testcase name="executeTestCase" time="0.089" classname="com.test.automation.testStartup.TestLauncher"/>
  <testcase name="executeTestCase" time="0.079" classname="com.test.automation.testStartup.TestLauncher"/>
</testsuite> <!-- Test -->
